Flow report for de0_nano
Wed Aug  5 19:32:44 2015
Quartus II 64-Bit Version 15.0.0 Build 145 04/22/2015 SJ Web Edition


---------------------
; Table of Contents ;
---------------------
  1. Legal Notice
  2. Flow Summary
  3. Flow Settings
  4. Flow Non-Default Global Settings
  5. Flow Elapsed Time
  6. Flow OS Summary
  7. Flow Log
  8. Flow Messages
  9. Flow Suppressed Messages



----------------
; Legal Notice ;
----------------
Copyright (C) 1991-2015 Altera Corporation. All rights reserved.
Your use of Altera Corporation's design tools, logic functions 
and other software and tools, and its AMPP partner logic 
functions, and any output files from any of the foregoing 
(including device programming or simulation files), and any 
associated documentation or information are expressly subject 
to the terms and conditions of the Altera Program License 
Subscription Agreement, the Altera Quartus II License Agreement,
the Altera MegaCore Function License Agreement, or other 
applicable license agreement, including, without limitation, 
that your use is for the sole purpose of programming logic 
devices manufactured by Altera and sold by Altera or its 
authorized distributors.  Please refer to the applicable 
agreement for further details.



+---------------------------------------------------------------------------------+
; Flow Summary                                                                    ;
+------------------------------------+--------------------------------------------+
; Flow Status                        ; Successful - Wed Aug  5 19:32:15 2015      ;
; Quartus II 64-Bit Version          ; 15.0.0 Build 145 04/22/2015 SJ Web Edition ;
; Revision Name                      ; de0_nano                                   ;
; Top-level Entity Name              ; orpsoc_top                                 ;
; Family                             ; Cyclone IV E                               ;
; Device                             ; EP4CE22F17C6                               ;
; Timing Models                      ; Final                                      ;
; Total logic elements               ; 10,324 / 22,320 ( 46 % )                   ;
;     Total combinational functions  ; 9,253 / 22,320 ( 41 % )                    ;
;     Dedicated logic registers      ; 4,891 / 22,320 ( 22 % )                    ;
; Total registers                    ; 4891                                       ;
; Total pins                         ; 73 / 154 ( 47 % )                          ;
; Total virtual pins                 ; 0                                          ;
; Total memory bits                  ; 92,032 / 608,256 ( 15 % )                  ;
; Embedded Multiplier 9-bit elements ; 0 / 132 ( 0 % )                            ;
; Total PLLs                         ; 1 / 4 ( 25 % )                             ;
+------------------------------------+--------------------------------------------+


+-----------------------------------------+
; Flow Settings                           ;
+-------------------+---------------------+
; Option            ; Setting             ;
+-------------------+---------------------+
; Start date & time ; 08/05/2015 19:26:16 ;
; Main task         ; Compilation         ;
; Revision Name     ; de0_nano            ;
+-------------------+---------------------+


+-------------------------------------------------------------------------------------------------------------------------+
; Flow Non-Default Global Settings                                                                                        ;
+-----------------------+------------------------------------------------------+---------------+-------------+------------+
; Assignment Name       ; Value                                                ; Default Value ; Entity Name ; Section Id ;
+-----------------------+------------------------------------------------------+---------------+-------------+------------+
; COMPILER_SIGNATURE_ID ; 158525331944.143881717517118                         ; --            ; --          ; --         ;
; SEARCH_PATH           ; ../src/adv_debug_sys/Hardware/adv_dbg_if/rtl/verilog ; --            ; --          ; --         ;
; SEARCH_PATH           ; ../src/i2c/rtl/verilog                               ; --            ; --          ; --         ;
; SEARCH_PATH           ; ../src/mor1kx-3.1/rtl/verilog                        ; --            ; --          ; --         ;
; SEARCH_PATH           ; ../src/or1k_bootloaders-0.9                          ; --            ; --          ; --         ;
; SEARCH_PATH           ; ../src/verilog_utils                                 ; --            ; --          ; --         ;
; SEARCH_PATH           ; ../src/wb_common                                     ; --            ; --          ; --         ;
; SEARCH_PATH           ; ../src/de0_nano/sw                                   ; --            ; --          ; --         ;
; SEARCH_PATH           ; ../src/de0_nano/rtl/verilog                          ; --            ; --          ; --         ;
; SEARCH_PATH           ; ../src/de0_nano/rtl/verilog/include                  ; --            ; --          ; --         ;
; TOP_LEVEL_ENTITY      ; orpsoc_top                                           ; de0_nano      ; --          ; --         ;
+-----------------------+------------------------------------------------------+---------------+-------------+------------+


+-------------------------------------------------------------------------------------------------------------------------------+
; Flow Elapsed Time                                                                                                             ;
+---------------------------+--------------+-------------------------+---------------------+------------------------------------+
; Module Name               ; Elapsed Time ; Average Processors Used ; Peak Virtual Memory ; Total CPU Time (on all processors) ;
+---------------------------+--------------+-------------------------+---------------------+------------------------------------+
; Analysis & Synthesis      ; 00:02:25     ; 1.0                     ; 1186 MB             ; 00:02:10                           ;
; Fitter                    ; 00:03:12     ; 1.0                     ; 1266 MB             ; 00:02:36                           ;
; Assembler                 ; 00:00:04     ; 1.0                     ; 869 MB              ; 00:00:04                           ;
; TimeQuest Timing Analyzer ; 00:00:26     ; 1.0                     ; 1019 MB             ; 00:00:21                           ;
; Total                     ; 00:06:07     ; --                      ; --                  ; 00:05:11                           ;
+---------------------------+--------------+-------------------------+---------------------+------------------------------------+


+---------------------------------------------------------------------------------------------+
; Flow OS Summary                                                                             ;
+---------------------------+------------------+----------------+------------+----------------+
; Module Name               ; Machine Hostname ; OS Name        ; OS Version ; Processor type ;
+---------------------------+------------------+----------------+------------+----------------+
; Analysis & Synthesis      ; DevBunny         ; Ubuntu 14.04.2 ; 14         ; x86_64         ;
; Fitter                    ; DevBunny         ; Ubuntu 14.04.2 ; 14         ; x86_64         ;
; Assembler                 ; DevBunny         ; Ubuntu 14.04.2 ; 14         ; x86_64         ;
; TimeQuest Timing Analyzer ; DevBunny         ; Ubuntu 14.04.2 ; 14         ; x86_64         ;
+---------------------------+------------------+----------------+------------+----------------+


------------
; Flow Log ;
------------
quartus_map de0_nano
quartus_fit de0_nano
quartus_asm de0_nano
quartus_sta de0_nano



